{
  "/Users/leebenson/dev/github/timberio/node-logger/src/queue.ts": {
    "path": "/Users/leebenson/dev/github/timberio/node-logger/src/queue.ts",
    "statementMap": {
      "0": {
        "start": { "line": 21, "column": 9 },
        "end": { "line": 21, "column": 20 }
      },
      "1": {
        "start": { "line": 28, "column": 17 },
        "end": { "line": 28, "column": 26 }
      },
      "2": {
        "start": { "line": 29, "column": 4 },
        "end": { "line": 29, "column": 74 }
      },
      "3": {
        "start": { "line": 30, "column": 4 },
        "end": { "line": 30, "column": 18 }
      },
      "4": {
        "start": { "line": 37, "column": 4 },
        "end": { "line": 44, "column": 5 }
      },
      "5": {
        "start": { "line": 38, "column": 24 },
        "end": { "line": 38, "column": 34 }
      },
      "6": {
        "start": { "line": 39, "column": 6 },
        "end": { "line": 39, "column": 35 }
      },
      "7": {
        "start": { "line": 40, "column": 6 },
        "end": { "line": 42, "column": 7 }
      },
      "8": {
        "start": { "line": 41, "column": 8 },
        "end": { "line": 41, "column": 30 }
      },
      "9": {
        "start": { "line": 43, "column": 6 },
        "end": { "line": 43, "column": 19 }
      },
      "10": {
        "start": { "line": 7, "column": 0 },
        "end": { "line": 46, "column": 1 }
      }
    },
    "fnMap": {
      "0": {
        "name": "(anonymous_0)",
        "decl": {
          "start": { "line": 7, "column": 0 },
          "end": { "line": null, "column": -1 }
        },
        "loc": {
          "start": { "line": 7, "column": 0 },
          "end": { "line": 46, "column": 1 }
        }
      },
      "1": {
        "name": "(anonymous_1)",
        "decl": {
          "start": { "line": 27, "column": 9 },
          "end": { "line": 27, "column": 12 }
        },
        "loc": {
          "start": { "line": 27, "column": 24 },
          "end": { "line": 31, "column": 3 }
        }
      },
      "2": {
        "name": "(anonymous_2)",
        "decl": {
          "start": { "line": 36, "column": 9 },
          "end": { "line": 36, "column": 13 }
        },
        "loc": {
          "start": { "line": 36, "column": 14 },
          "end": { "line": 45, "column": 3 }
        }
      }
    },
    "branchMap": {
      "0": {
        "loc": {
          "start": { "line": 29, "column": 29 },
          "end": { "line": 29, "column": 50 }
        },
        "type": "cond-expr",
        "locations": [
          {
            "start": { "line": 29, "column": 29 },
            "end": { "line": 29, "column": 50 }
          },
          {
            "start": { "line": 29, "column": 55 },
            "end": { "line": 29, "column": 72 }
          }
        ]
      },
      "1": {
        "loc": {
          "start": { "line": 37, "column": 4 },
          "end": { "line": 44, "column": 5 }
        },
        "type": "if",
        "locations": [
          {
            "start": { "line": 37, "column": 4 },
            "end": { "line": 44, "column": 5 }
          },
          {
            "start": { "line": 37, "column": 4 },
            "end": { "line": 44, "column": 5 }
          }
        ]
      },
      "2": {
        "loc": {
          "start": { "line": 40, "column": 6 },
          "end": { "line": 42, "column": 7 }
        },
        "type": "if",
        "locations": [
          {
            "start": { "line": 40, "column": 6 },
            "end": { "line": 42, "column": 7 }
          },
          {
            "start": { "line": 40, "column": 6 },
            "end": { "line": 42, "column": 7 }
          }
        ]
      }
    },
    "s": {
      "0": 4,
      "1": 100020,
      "2": 100020,
      "3": 100020,
      "4": 11,
      "5": 10,
      "6": 10,
      "7": 10,
      "8": 1,
      "9": 10,
      "10": 1
    },
    "f": { "0": 4, "1": 100020, "2": 11 },
    "b": { "0": [100017, 3], "1": [10, 1], "2": [1, 9] }
  }
}
